生成启动时间为 2015/6/13 20:25:02。
     1>项目“E:\学习\大三下\多媒体技术及应用\作业\Projects\PeopleTrackDll\PeopleTrackDll\PeopleTrackDll.vcxproj”在节点 2 上(Rebuild 个目标)。
     1>ClCompile:
         D:\visual studio\VC\bin\CL.exe /c /Zi /nologo /W3 /WX- /O2 /Oi /Oy- /GL /D WIN32 /D NDEBUG /D _WINDOWS /D _USRDLL /D PEOPLETRACKDLL_EXPORTS /D _WINDLL /D _UNICODE /D UNICODE /Gm- /EHsc /MD /GS /Gy /fp:precise /Zc:wchar_t /Zc:forScope /Fo"Release\\" /Fd"Release\vc110.pdb" /Gd /TP /analyze- /errorReport:prompt PeopleTrackDll.cpp
         PeopleTrackDll.cpp
     1>PeopleTrackDll.cpp(20): warning C4244: “return”: 从“double”转换到“float”，可能丢失数据
     1>PeopleTrackDll.cpp(200): warning C4018: “<”: 有符号/无符号不匹配
     1>PeopleTrackDll.cpp(204): warning C4018: “<”: 有符号/无符号不匹配
     1>PeopleTrackDll.cpp(212): warning C4018: “<”: 有符号/无符号不匹配
     1>PeopleTrackDll.cpp(232): warning C4996: 'sprintf': This function or variable may be unsafe. Consider using sprintf_s instead. To disable deprecation, use _CRT_SECURE_NO_WARNINGS. See online help for details.
                 D:\visual studio\VC\include\stdio.h(357) : 参见“sprintf”的声明
       Link:
         D:\visual studio\VC\bin\link.exe /ERRORREPORT:PROMPT /OUT:"E:\学习\大三下\多媒体技术及应用\作业\Projects\PeopleTrackDll\Release\PeopleTrackDll.dll" /INCREMENTAL:NO /NOLOGO opencv_ml2410.lib opencv_calib3d2410.lib opencv_contrib2410.lib opencv_core2410.lib opencv_features2d2410.lib opencv_flann2410.lib opencv_gpu2410.lib opencv_highgui2410.lib opencv_imgproc2410.lib opencv_legacy2410.lib opencv_objdetect2410.lib opencv_ts2410.lib opencv_video2410.lib opencv_nonfree2410.lib opencv_ocl2410.lib opencv_photo2410.lib opencv_stitching2410.lib opencv_superres2410.lib opencv_videostab2410.lib kernel32.lib user32.lib gdi32.lib winspool.lib comdlg32.lib advapi32.lib shell32.lib ole32.lib oleaut32.lib uuid.lib odbc32.lib odbccp32.lib /MANIFEST /MANIFESTUAC:"level='asInvoker' uiAccess='false'" /manifest:embed /DEBUG /PDB:"E:\学习\大三下\多媒体技术及应用\作业\Projects\PeopleTrackDll\Release\PeopleTrackDll.pdb" /SUBSYSTEM:WINDOWS /OPT:REF /OPT:ICF /LTCG /TLBID:1 /DYNAMICBASE /NXCOMPAT /IMPLIB:"E:\学习\大三下\多媒体技术及应用\作业\Projects\PeopleTrackDll\Release\PeopleTrackDll.lib" /MACHINE:X86 /SAFESEH /DLL Release\PeopleTrackDll.obj
            正在创建库 E:\学习\大三下\多媒体技术及应用\作业\Projects\PeopleTrackDll\Release\PeopleTrackDll.lib 和对象 E:\学习\大三下\多媒体技术及应用\作业\Projects\PeopleTrackDll\Release\PeopleTrackDll.exp
         正在生成代码
         已完成代码的生成
         PeopleTrackDll.vcxproj -> E:\学习\大三下\多媒体技术及应用\作业\Projects\PeopleTrackDll\Release\PeopleTrackDll.dll
     1>已完成生成项目“E:\学习\大三下\多媒体技术及应用\作业\Projects\PeopleTrackDll\PeopleTrackDll\PeopleTrackDll.vcxproj”(Rebuild 个目标)的操作。

生成成功。

已用时间 00:00:05.75
