E:\学习\大三下\多媒体技术及应用\作业\PROJECTS\PEOPLETRACKDLL\PEOPLETRACKDLL\DEBUG\PEOPLETRACKDLL.OBJ
E:\学习\大三下\多媒体技术及应用\作业\PROJECTS\PEOPLETRACKDLL\PEOPLETRACKDLL\DEBUG\VC110.PDB
E:\学习\大三下\多媒体技术及应用\作业\PROJECTS\PEOPLETRACKDLL\DEBUG\PEOPLETRACKDLL.ILK
E:\学习\大三下\多媒体技术及应用\作业\PROJECTS\PEOPLETRACKDLL\DEBUG\PEOPLETRACKDLL.DLL
E:\学习\大三下\多媒体技术及应用\作业\PROJECTS\PEOPLETRACKDLL\DEBUG\PEOPLETRACKDLL.PDB
䕞尺귥ꂹꞤ룤许骤ꫥ鎽諦꾜迥钺铧岨뷤骸停潲敪瑣屳敐灯敬牔捡䑫汬停潥汰呥慲正汄屬敐灯敬牔捡䑫汬瘮硣牰橯਍㩅ꚭ매岠ꓥ覸룤岋ꓥ銪뷤肊鳦誏뫥ꢔ鲽룤岚牐橯捥獴停潥汰呥慲正汄屬敄畢屧敐灯敬牔捡䑫汬氮扩਍㩅ꚭ매岠ꓥ覸룤岋ꓥ銪뷤肊鳦誏뫥ꢔ鲽룤岚牐橯捥獴停潥汰呥慲正汄屬敄畢屧敐灯敬牔捡䑫汬氮扩਍㩅ꚭ매岠ꓥ覸룤岋ꓥ銪뷤肊鳦誏뫥ꢔ鲽룤岚牐橯捥獴停潥汰呥慲正汄屬敄畢屧敐灯敬牔捡䑫汬攮灸਍㩅ꚭ매岠ꓥ覸룤岋ꓥ銪뷤肊鳦誏뫥ꢔ鲽룤岚牐橯捥獴停潥汰呥慲正汄屬敄畢屧敐灯敬牔捡䑫汬攮灸਍
E:\学习\大三下\多媒体技术及应用\作业\Projects\PeopleTrackDll\PeopleTrackDll\Debug\PeopleTrackDll.obj
E:\学习\大三下\多媒体技术及应用\作业\Projects\PeopleTrackDll\PeopleTrackDll\Debug\cl.command.1.tlog
E:\学习\大三下\多媒体技术及应用\作业\Projects\PeopleTrackDll\PeopleTrackDll\Debug\CL.read.1.tlog
E:\学习\大三下\多媒体技术及应用\作业\Projects\PeopleTrackDll\PeopleTrackDll\Debug\CL.write.1.tlog
E:\学习\大三下\多媒体技术及应用\作业\Projects\PeopleTrackDll\PeopleTrackDll\Debug\link-cvtres.read.1.tlog
E:\学习\大三下\多媒体技术及应用\作业\Projects\PeopleTrackDll\PeopleTrackDll\Debug\link-cvtres.write.1.tlog
E:\学习\大三下\多媒体技术及应用\作业\Projects\PeopleTrackDll\PeopleTrackDll\Debug\link-rc.read.1.tlog
E:\学习\大三下\多媒体技术及应用\作业\Projects\PeopleTrackDll\PeopleTrackDll\Debug\link-rc.write.1.tlog
E:\学习\大三下\多媒体技术及应用\作业\Projects\PeopleTrackDll\PeopleTrackDll\Debug\link.7292-cvtres.read.1.tlog
E:\学习\大三下\多媒体技术及应用\作业\Projects\PeopleTrackDll\PeopleTrackDll\Debug\link.7292-cvtres.write.1.tlog
E:\学习\大三下\多媒体技术及应用\作业\Projects\PeopleTrackDll\PeopleTrackDll\Debug\link.7292-rc.read.1.tlog
E:\学习\大三下\多媒体技术及应用\作业\Projects\PeopleTrackDll\PeopleTrackDll\Debug\link.7292-rc.write.1.tlog
E:\学习\大三下\多媒体技术及应用\作业\Projects\PeopleTrackDll\PeopleTrackDll\Debug\link.7292.read.1.tlog
E:\学习\大三下\多媒体技术及应用\作业\Projects\PeopleTrackDll\PeopleTrackDll\Debug\link.7292.write.1.tlog
E:\学习\大三下\多媒体技术及应用\作业\Projects\PeopleTrackDll\PeopleTrackDll\Debug\link.command.1.tlog
E:\学习\大三下\多媒体技术及应用\作业\Projects\PeopleTrackDll\PeopleTrackDll\Debug\link.read.1.tlog
E:\学习\大三下\多媒体技术及应用\作业\Projects\PeopleTrackDll\PeopleTrackDll\Debug\link.write.1.tlog
E:\学习\大三下\多媒体技术及应用\作业\Projects\PeopleTrackDll\PeopleTrackDll\Debug\PeopleTrackDll.write.1.tlog
E:\学习\大三下\多媒体技术及应用\作业\Projects\PeopleTrackDll\PeopleTrackDll\Debug\vc110.idb
E:\学习\大三下\多媒体技术及应用\作业\Projects\PeopleTrackDll\PeopleTrackDll\Debug\vc110.pdb
E:\学习\大三下\多媒体技术及应用\作业\Projects\PeopleTrackDll\Debug\PeopleTrackDll.pdb
E:\学习\大三下\多媒体技术及应用\作业\Projects\PeopleTrackDll\Debug\PeopleTrackDll.dll
E:\学习\大三下\多媒体技术及应用\作业\Projects\PeopleTrackDll\Debug\PeopleTrackDll.ilk
